0 verbose cli /opt/homebrew/Cellar/node/23.11.0/bin/node /opt/homebrew/lib/node_modules/npm/bin/npm-cli.js
1 info using npm@11.2.0
2 info using node@v23.11.0
3 silly config load:file:/opt/homebrew/lib/node_modules/npm/npmrc
4 silly config load:file:/Users/chiragrana/Downloads/idk/ngo-medicine-system/mobile/.npmrc
5 silly config load:file:/opt/homebrew/etc/npmrc
6 verbose title npm exec expo start
7 verbose argv "exec" "--" "expo" "start"
8 verbose logfile logs-max:10 dir:/Users/chiragrana/Downloads/idk/ngo-medicine-system/mobile/.npm/_logs/2026-04-03T09_38_54_436Z-
9 verbose logfile /Users/chiragrana/Downloads/idk/ngo-medicine-system/mobile/.npm/_logs/2026-04-03T09_38_54_436Z-debug-0.log
10 silly logfile done cleaning log files
11 http fetch GET 200 https://registry.npmjs.org/npm 328ms
12 verbose cwd /Users/chiragrana/Downloads/idk/ngo-medicine-system/mobile
13 verbose os Darwin 25.2.0
14 verbose node v23.11.0
15 verbose npm  v11.2.0
16 notice
16 notice New [33mminor[39m version of npm available! [33m11.2.0[39m -> [34m11.12.1[39m
16 notice Changelog: [34mhttps://github.com/npm/cli/releases/tag/v11.12.1[39m
16 notice To update run: [4mnpm install -g npm@11.12.1[24m
16 notice  { force: true, [Symbol(proc-log.meta)]: true }
17 verbose exit 0
18 info ok
